<?xml version="1.0" encoding="UTF-8"?>
<testsuite name="BackpressureTask2Tests" tests="1" skipped="0" failures="0" errors="0" timestamp="2023-01-09T21:53:18" hostname="MacBook-Air-Regina.local" time="0.073">
  <properties/>
  <testcase name="testSolution()" classname="BackpressureTask2Tests" time="0.073"/>
  <system-out><![CDATA[13:53:18.514 [Test worker] DEBUG reactor.util.Loggers - Using Slf4j logging framework
]]></system-out>
  <system-err><![CDATA[]]></system-err>
</testsuite>
