<?xml version="1.0" encoding="UTF-8"?>
<testsuite name="CPTask4Tests" tests="1" skipped="0" failures="0" errors="0" timestamp="2023-01-10T00:03:49" hostname="MacBook-Air-Regina.local" time="0.322">
  <properties/>
  <testcase name="uploadTest()" classname="CPTask4Tests" time="0.322"/>
  <system-out><![CDATA[16:03:50.039 [Test worker] DEBUG reactor.util.Loggers - Using Slf4j logging framework
]]></system-out>
  <system-err><![CDATA[]]></system-err>
</testsuite>
