<?xml version="1.0" encoding="UTF-8"?>
<testsuite name="MultithreadingOperatorsTask5Tests" tests="2" skipped="0" failures="0" errors="0" timestamp="2023-01-09T21:50:58" hostname="MacBook-Air-Regina.local" time="1.426">
  <properties/>
  <testcase name="testSolution()" classname="MultithreadingOperatorsTask5Tests" time="0.416"/>
  <testcase name="testSolution1()" classname="MultithreadingOperatorsTask5Tests" time="1.009"/>
  <system-out><![CDATA[13:50:58.302 [Test worker] DEBUG reactor.util.Loggers - Using Slf4j logging framework
]]></system-out>
  <system-err><![CDATA[]]></system-err>
</testsuite>
