<?xml version="1.0" encoding="UTF-8"?>
<testsuite name="BackpressureTask4Tests" tests="1" skipped="0" failures="0" errors="0" timestamp="2023-01-09T21:54:09" hostname="MacBook-Air-Regina.local" time="0.078">
  <properties/>
  <testcase name="testSolution()" classname="BackpressureTask4Tests" time="0.078"/>
  <system-out><![CDATA[13:54:09.562 [Test worker] DEBUG reactor.util.Loggers - Using Slf4j logging framework
13:54:09.609 [Test worker] DEBUG reactor.core.publisher.Operators - onNextDropped: TestStatistic{query='test0'}
13:54:09.609 [Test worker] DEBUG reactor.core.publisher.Operators - onNextDropped: TestStatistic{query='test4'}
]]></system-out>
  <system-err><![CDATA[]]></system-err>
</testsuite>
