<?xml version="1.0" encoding="UTF-8"?>
<testsuite name="ContextTask3Tests" tests="1" skipped="0" failures="0" errors="0" timestamp="2023-01-09T21:57:01" hostname="MacBook-Air-Regina.local" time="0.076">
  <properties/>
  <testcase name="testSolution()" classname="ContextTask3Tests" time="0.076"/>
  <system-out><![CDATA[13:57:01.973 [Test worker] DEBUG reactor.util.Loggers - Using Slf4j logging framework
]]></system-out>
  <system-err><![CDATA[]]></system-err>
</testsuite>
