<?xml version="1.0" encoding="UTF-8"?>
<testsuite name="MultithreadingOperatorsTask4Tests" tests="1" skipped="0" failures="0" errors="0" timestamp="2023-01-09T21:50:20" hostname="MacBook-Air-Regina.local" time="0.568">
  <properties/>
  <testcase name="testSolution()" classname="MultithreadingOperatorsTask4Tests" time="0.568"/>
  <system-out><![CDATA[13:50:20.958 [Test worker] DEBUG reactor.util.Loggers - Using Slf4j logging framework
]]></system-out>
  <system-err><![CDATA[]]></system-err>
</testsuite>
