<?xml version="1.0" encoding="UTF-8"?>
<testsuite name="CommonOperatorsTask6Tests" tests="1" skipped="0" failures="0" errors="0" timestamp="2023-01-09T20:59:05" hostname="MacBook-Air-Regina.local" time="0.078">
  <properties/>
  <testcase name="testSolution()" classname="CommonOperatorsTask6Tests" time="0.078"/>
  <system-out><![CDATA[12:59:05.424 [Test worker] DEBUG reactor.util.Loggers - Using Slf4j logging framework
]]></system-out>
  <system-err><![CDATA[]]></system-err>
</testsuite>
