<?xml version="1.0" encoding="UTF-8"?>
<testsuite name="CommonPublishersTask3Tests" tests="1" skipped="0" failures="0" errors="0" timestamp="2023-01-09T20:45:27" hostname="MacBook-Air-Regina.local" time="0.253">
  <properties/>
  <testcase name="testSolution()" classname="CommonPublishersTask3Tests" time="0.253"/>
  <system-out><![CDATA[12:45:27.652 [Test worker] DEBUG reactor.util.Loggers - Using Slf4j logging framework
]]></system-out>
  <system-err><![CDATA[]]></system-err>
</testsuite>
