<?xml version="1.0" encoding="UTF-8"?>
<testsuite name="TestingTask2Tests" tests="1" skipped="0" failures="0" errors="0" timestamp="2023-01-09T21:04:33" hostname="MacBook-Air-Regina.local" time="0.099">
  <properties/>
  <testcase name="testSolution()" classname="TestingTask2Tests" time="0.099"/>
  <system-out><![CDATA[13:04:33.577 [Thread-3] DEBUG reactor.util.Loggers - Using Slf4j logging framework
]]></system-out>
  <system-err><![CDATA[]]></system-err>
</testsuite>
