<?xml version="1.0" encoding="UTF-8"?>
<testsuite name="ResilienceTask2Tests" tests="3" skipped="0" failures="0" errors="0" timestamp="2023-01-09T21:59:31" hostname="MacBook-Air-Regina.local" time="0.067">
  <properties/>
  <testcase name="testSolution()" classname="ResilienceTask2Tests" time="0.065"/>
  <testcase name="testSolution1()" classname="ResilienceTask2Tests" time="0.0"/>
  <testcase name="testSolution2()" classname="ResilienceTask2Tests" time="0.0"/>
  <system-out><![CDATA[13:59:31.871 [Test worker] DEBUG reactor.util.Loggers - Using Slf4j logging framework
]]></system-out>
  <system-err><![CDATA[]]></system-err>
</testsuite>
