<?xml version="1.0" encoding="UTF-8"?>
<testsuite name="CommonOperatorsTask4Tests" tests="1" skipped="0" failures="0" errors="0" timestamp="2023-01-09T20:57:17" hostname="MacBook-Air-Regina.local" time="0.082">
  <properties/>
  <testcase name="testSolution()" classname="CommonOperatorsTask4Tests" time="0.082"/>
  <system-out><![CDATA[12:57:17.925 [Test worker] DEBUG reactor.util.Loggers - Using Slf4j logging framework
]]></system-out>
  <system-err><![CDATA[]]></system-err>
</testsuite>
