<?xml version="1.0" encoding="UTF-8"?>
<testsuite name="service.external.CryptoServiceTests" tests="3" skipped="0" failures="0" errors="0" timestamp="2023-01-10T00:08:44" hostname="MacBook-Air-Regina.local" time="0.278">
  <properties/>
  <testcase name="verifyThatSupportReplayMode()" classname="service.external.CryptoServiceTests" time="0.16"/>
  <testcase name="verifyThatSupportMultiSubscribers()" classname="service.external.CryptoServiceTests" time="0.052"/>
  <testcase name="verifyThatSupportIsolationAndResilience()" classname="service.external.CryptoServiceTests" time="0.061"/>
  <system-out><![CDATA[16:08:44.653 [Test worker] DEBUG reactor.util.Loggers - Using Slf4j logging framework
]]></system-out>
  <system-err><![CDATA[]]></system-err>
</testsuite>
