<?xml version="1.0" encoding="UTF-8"?>
<testsuite name="MultipleSourcesTask5Tests" tests="1" skipped="0" failures="0" errors="0" timestamp="2023-01-09T21:41:53" hostname="MacBook-Air-Regina.local" time="0.08">
  <properties/>
  <testcase name="testSolution()" classname="MultipleSourcesTask5Tests" time="0.08"/>
  <system-out><![CDATA[13:41:53.512 [Test worker] DEBUG reactor.util.Loggers - Using Slf4j logging framework
]]></system-out>
  <system-err><![CDATA[]]></system-err>
</testsuite>
