<?xml version="1.0" encoding="UTF-8"?>
<testsuite name="MultipleSourcesTask3Tests" tests="1" skipped="0" failures="0" errors="0" timestamp="2023-01-09T21:40:02" hostname="MacBook-Air-Regina.local" time="0.087">
  <properties/>
  <testcase name="testSolution()" classname="MultipleSourcesTask3Tests" time="0.087"/>
  <system-out><![CDATA[13:40:02.043 [Test worker] DEBUG reactor.util.Loggers - Using Slf4j logging framework
]]></system-out>
  <system-err><![CDATA[]]></system-err>
</testsuite>
