<?xml version="1.0" encoding="UTF-8"?>
<testsuite name="CommonPublishersTask2Tests" tests="1" skipped="0" failures="0" errors="0" timestamp="2023-01-09T20:43:47" hostname="MacBook-Air-Regina.local" time="0.23">
  <properties/>
  <testcase name="testSolution()" classname="CommonPublishersTask2Tests" time="0.23"/>
  <system-out><![CDATA[12:43:47.681 [Test worker] DEBUG reactor.util.Loggers - Using Slf4j logging framework
]]></system-out>
  <system-err><![CDATA[]]></system-err>
</testsuite>
