<?xml version="1.0" encoding="UTF-8"?>
<testsuite name="BackpressureTask3Tests" tests="1" skipped="0" failures="0" errors="0" timestamp="2023-01-09T21:53:45" hostname="MacBook-Air-Regina.local" time="0.082">
  <properties/>
  <testcase name="testSolution()" classname="BackpressureTask3Tests" time="0.082"/>
  <system-out><![CDATA[13:53:45.754 [Test worker] DEBUG reactor.util.Loggers - Using Slf4j logging framework
]]></system-out>
  <system-err><![CDATA[]]></system-err>
</testsuite>
