<?xml version="1.0" encoding="UTF-8"?>
<testsuite name="TestingTask1Tests" tests="1" skipped="0" failures="0" errors="0" timestamp="2023-01-09T21:04:03" hostname="MacBook-Air-Regina.local" time="0.067">
  <properties/>
  <testcase name="testSolution()" classname="TestingTask1Tests" time="0.067"/>
  <system-out><![CDATA[13:04:03.245 [Test worker] DEBUG reactor.util.Loggers - Using Slf4j logging framework
]]></system-out>
  <system-err><![CDATA[]]></system-err>
</testsuite>
