<?xml version="1.0" encoding="UTF-8"?>
<testsuite name="CommonOperatorsTask10Tests" tests="1" skipped="0" failures="0" errors="0" timestamp="2023-01-09T21:01:09" hostname="MacBook-Air-Regina.local" time="0.138">
  <properties/>
  <testcase name="testSolution()" classname="CommonOperatorsTask10Tests" time="0.138"/>
  <system-out><![CDATA[13:01:09.185 [Test worker] DEBUG reactor.util.Loggers - Using Slf4j logging framework
]]></system-out>
  <system-err><![CDATA[]]></system-err>
</testsuite>
