<?xml version="1.0" encoding="UTF-8"?>
<testsuite name="HnSTask4Tests" tests="1" skipped="0" failures="0" errors="0" timestamp="2023-01-09T22:09:49" hostname="MacBook-Air-Regina.local" time="0.089">
  <properties/>
  <testcase name="testSolution2()" classname="HnSTask4Tests" time="0.089"/>
  <system-out><![CDATA[14:09:49.261 [Test worker] DEBUG reactor.util.Loggers - Using Slf4j logging framework
14:09:49.263 [Test worker] DEBUG reactor.core.publisher.Hooks - Hooking onEachOperator: HnSTask4Tests$$Lambda$336/0x00000003002094a0@142269f2
14:09:49.303 [Test worker] DEBUG reactor.core.publisher.Hooks - Reset to factory defaults : onEachOperator
]]></system-out>
  <system-err><![CDATA[]]></system-err>
</testsuite>
