<?xml version="1.0" encoding="UTF-8"?>
<testsuite name="MultipleSourcesTask1Tests" tests="1" skipped="0" failures="0" errors="0" timestamp="2023-01-09T21:38:16" hostname="MacBook-Air-Regina.local" time="0.09">
  <properties/>
  <testcase name="mergeSeveralSourcesTest()" classname="MultipleSourcesTask1Tests" time="0.09"/>
  <system-out><![CDATA[13:38:16.435 [Test worker] DEBUG reactor.util.Loggers - Using Slf4j logging framework
]]></system-out>
  <system-err><![CDATA[]]></system-err>
</testsuite>
