<?xml version="1.0" encoding="UTF-8"?>
<testsuite name="ResilienceTask9Tests" tests="2" skipped="0" failures="0" errors="0" timestamp="2023-01-09T22:02:24" hostname="MacBook-Air-Regina.local" time="0.09">
  <properties/>
  <testcase name="testSolution()" classname="ResilienceTask9Tests" time="0.088"/>
  <testcase name="testSolution1()" classname="ResilienceTask9Tests" time="0.001"/>
  <system-out><![CDATA[14:02:24.752 [Test worker] DEBUG reactor.util.Loggers - Using Slf4j logging framework
]]></system-out>
  <system-err><![CDATA[]]></system-err>
</testsuite>
