<?xml version="1.0" encoding="UTF-8"?>
<testsuite name="MultipleSourcesTask6Tests" tests="1" skipped="0" failures="0" errors="0" timestamp="2023-01-09T21:42:17" hostname="MacBook-Air-Regina.local" time="0.078">
  <properties/>
  <testcase name="testSolution()" classname="MultipleSourcesTask6Tests" time="0.078"/>
  <system-out><![CDATA[13:42:17.484 [Test worker] DEBUG reactor.util.Loggers - Using Slf4j logging framework
]]></system-out>
  <system-err><![CDATA[]]></system-err>
</testsuite>
