<?xml version="1.0" encoding="UTF-8"?>
<testsuite name="MultipleSourcesTask8Tests" tests="1" skipped="0" failures="0" errors="0" timestamp="2023-01-09T21:43:26" hostname="MacBook-Air-Regina.local" time="0.084">
  <properties/>
  <testcase name="testSolution()" classname="MultipleSourcesTask8Tests" time="0.084"/>
  <system-out><![CDATA[13:43:27.004 [Test worker] DEBUG reactor.util.Loggers - Using Slf4j logging framework
]]></system-out>
  <system-err><![CDATA[]]></system-err>
</testsuite>
