<?xml version="1.0" encoding="UTF-8"?>
<testsuite name="CommonPublishersTask6Tests" tests="2" skipped="0" failures="0" errors="0" timestamp="2023-01-09T20:49:09" hostname="MacBook-Air-Regina.local" time="0.059">
  <properties/>
  <testcase name="testValid()" classname="CommonPublishersTask6Tests" time="0.057"/>
  <testcase name="testInvalid()" classname="CommonPublishersTask6Tests" time="0.001"/>
  <system-out><![CDATA[12:49:09.391 [Test worker] DEBUG reactor.util.Loggers - Using Slf4j logging framework
]]></system-out>
  <system-err><![CDATA[]]></system-err>
</testsuite>
