<?xml version="1.0" encoding="UTF-8"?>
<testsuite name="BackpressureTask5Tests" tests="1" skipped="0" failures="0" errors="0" timestamp="2023-01-09T21:55:18" hostname="MacBook-Air-Regina.local" time="0.115">
  <properties/>
  <testcase name="testSolution()" classname="BackpressureTask5Tests" time="0.115"/>
  <system-out><![CDATA[13:55:18.898 [Test worker] DEBUG reactor.util.Loggers - Using Slf4j logging framework
]]></system-out>
  <system-err><![CDATA[]]></system-err>
</testsuite>
