<?xml version="1.0" encoding="UTF-8"?>
<testsuite name="CommonOperatorsTask9Tests" tests="1" skipped="0" failures="0" errors="0" timestamp="2023-01-09T21:00:41" hostname="MacBook-Air-Regina.local" time="0.6">
  <properties/>
  <testcase name="testSolution()" classname="CommonOperatorsTask9Tests" time="0.6"/>
  <system-out><![CDATA[13:00:41.852 [Test worker] DEBUG reactor.util.Loggers - Using Slf4j logging framework
]]></system-out>
  <system-err><![CDATA[]]></system-err>
</testsuite>
