<?xml version="1.0" encoding="UTF-8"?>
<testsuite name="CommonPublishersTask5Tests" tests="1" skipped="0" failures="0" errors="0" timestamp="2023-01-09T20:47:32" hostname="MacBook-Air-Regina.local" time="0.052">
  <properties/>
  <testcase name="testSolution()" classname="CommonPublishersTask5Tests" time="0.052"/>
  <system-out><![CDATA[12:47:32.393 [Test worker] DEBUG reactor.util.Loggers - Using Slf4j logging framework
]]></system-out>
  <system-err><![CDATA[]]></system-err>
</testsuite>
