<?xml version="1.0" encoding="UTF-8"?>
<testsuite name="MultipleSourcesTask2Tests" tests="1" skipped="0" failures="0" errors="0" timestamp="2023-01-09T21:39:34" hostname="MacBook-Air-Regina.local" time="0.089">
  <properties/>
  <testcase name="testSolution()" classname="MultipleSourcesTask2Tests" time="0.089"/>
  <system-out><![CDATA[13:39:34.799 [Test worker] DEBUG reactor.util.Loggers - Using Slf4j logging framework
]]></system-out>
  <system-err><![CDATA[]]></system-err>
</testsuite>
