<?xml version="1.0" encoding="UTF-8"?>
<testsuite name="MultipleSourcesTask9Tests" tests="1" skipped="0" failures="0" errors="0" timestamp="2023-01-09T21:44:08" hostname="MacBook-Air-Regina.local" time="0.07">
  <properties/>
  <testcase name="testSolution()" classname="MultipleSourcesTask9Tests" time="0.07"/>
  <system-out><![CDATA[13:44:08.412 [Test worker] DEBUG reactor.util.Loggers - Using Slf4j logging framework
]]></system-out>
  <system-err><![CDATA[]]></system-err>
</testsuite>
