<?xml version="1.0" encoding="UTF-8"?>
<testsuite name="ResilienceTask7Tests" tests="1" skipped="0" failures="0" errors="0" timestamp="2023-01-09T22:01:35" hostname="MacBook-Air-Regina.local" time="0.149">
  <properties/>
  <testcase name="testSolution()" classname="ResilienceTask7Tests" time="0.149"/>
  <system-out><![CDATA[14:01:35.833 [Test worker] DEBUG reactor.util.Loggers - Using Slf4j logging framework
]]></system-out>
  <system-err><![CDATA[]]></system-err>
</testsuite>
