<?xml version="1.0" encoding="UTF-8"?>
<testsuite name="ResilienceTask4Tests" tests="1" skipped="0" failures="0" errors="0" timestamp="2023-01-09T22:00:18" hostname="MacBook-Air-Regina.local" time="0.081">
  <properties/>
  <testcase name="testSolution()" classname="ResilienceTask4Tests" time="0.081"/>
  <system-out><![CDATA[14:00:18.429 [Test worker] DEBUG reactor.util.Loggers - Using Slf4j logging framework
]]></system-out>
  <system-err><![CDATA[]]></system-err>
</testsuite>
