<?xml version="1.0" encoding="UTF-8"?>
<testsuite name="HnSTask3Tests" tests="1" skipped="0" failures="0" errors="0" timestamp="2023-01-09T22:09:24" hostname="MacBook-Air-Regina.local" time="0.066">
  <properties/>
  <testcase name="testSolution()" classname="HnSTask3Tests" time="0.066"/>
  <system-out><![CDATA[14:09:24.057 [Test worker] DEBUG reactor.util.Loggers - Using Slf4j logging framework
]]></system-out>
  <system-err><![CDATA[]]></system-err>
</testsuite>
