<?xml version="1.0" encoding="UTF-8"?>
<testsuite name="CommonOperatorsTask5Tests" tests="1" skipped="0" failures="0" errors="0" timestamp="2023-01-09T20:58:28" hostname="MacBook-Air-Regina.local" time="0.068">
  <properties/>
  <testcase name="testSolution()" classname="CommonOperatorsTask5Tests" time="0.068"/>
  <system-out><![CDATA[12:58:28.489 [Test worker] DEBUG reactor.util.Loggers - Using Slf4j logging framework
]]></system-out>
  <system-err><![CDATA[]]></system-err>
</testsuite>
