<?xml version="1.0" encoding="UTF-8"?>
<testsuite name="TestingTask3Tests" tests="1" skipped="0" failures="0" errors="0" timestamp="2023-01-09T21:07:49" hostname="MacBook-Air-Regina.local" time="0.117">
  <properties/>
  <testcase name="testSolution()" classname="TestingTask3Tests" time="0.117"/>
  <system-out><![CDATA[13:07:49.372 [Test worker] DEBUG reactor.util.Loggers - Using Slf4j logging framework
]]></system-out>
  <system-err><![CDATA[]]></system-err>
</testsuite>
