<?xml version="1.0" encoding="UTF-8"?>
<testsuite name="ResilienceTask5Tests" tests="1" skipped="0" failures="0" errors="0" timestamp="2023-01-09T22:00:39" hostname="MacBook-Air-Regina.local" time="1.088">
  <properties/>
  <testcase name="testSolution()" classname="ResilienceTask5Tests" time="1.088"/>
  <system-out><![CDATA[14:00:39.512 [Test worker] DEBUG reactor.util.Loggers - Using Slf4j logging framework
]]></system-out>
  <system-err><![CDATA[]]></system-err>
</testsuite>
