<?xml version="1.0" encoding="UTF-8"?>
<testsuite name="MultithreadingOperatorsTask3Tests" tests="1" skipped="0" failures="0" errors="0" timestamp="2023-01-09T21:49:40" hostname="MacBook-Air-Regina.local" time="0.607">
  <properties/>
  <testcase name="testSolution()" classname="MultithreadingOperatorsTask3Tests" time="0.607"/>
  <system-out><![CDATA[13:49:40.932 [Test worker] DEBUG reactor.util.Loggers - Using Slf4j logging framework
]]></system-out>
  <system-err><![CDATA[]]></system-err>
</testsuite>
