<?xml version="1.0" encoding="UTF-8"?>
<testsuite name="ResilienceTask3Tests" tests="1" skipped="0" failures="0" errors="0" timestamp="2023-01-09T21:59:54" hostname="MacBook-Air-Regina.local" time="0.376">
  <properties/>
  <testcase name="testSolution()" classname="ResilienceTask3Tests" time="0.376"/>
  <system-out><![CDATA[13:59:54.914 [Test worker] DEBUG reactor.util.Loggers - Using Slf4j logging framework
]]></system-out>
  <system-err><![CDATA[]]></system-err>
</testsuite>
