<?xml version="1.0" encoding="UTF-8"?>
<testsuite name="CPTask3Tests" tests="1" skipped="0" failures="0" errors="0" timestamp="2023-01-10T00:01:40" hostname="MacBook-Air-Regina.local" time="4.797">
  <properties/>
  <testcase name="findVideoTest()" classname="CPTask3Tests" time="4.797"/>
  <system-out><![CDATA[16:01:40.988 [Test worker] DEBUG reactor.util.Loggers - Using Slf4j logging framework
]]></system-out>
  <system-err><![CDATA[]]></system-err>
</testsuite>
