<?xml version="1.0" encoding="UTF-8"?>
<testsuite name="ResilienceTask1Tests" tests="2" skipped="0" failures="0" errors="0" timestamp="2023-01-09T21:57:34" hostname="MacBook-Air-Regina.local" time="0.066">
  <properties/>
  <testcase name="test1()" classname="ResilienceTask1Tests" time="0.064"/>
  <testcase name="test2()" classname="ResilienceTask1Tests" time="0.001"/>
  <system-out><![CDATA[13:57:34.243 [Test worker] DEBUG reactor.util.Loggers - Using Slf4j logging framework
]]></system-out>
  <system-err><![CDATA[]]></system-err>
</testsuite>
